Vercel CLI 50.1.3
Retrieving project…
Deploying wwwbilalnazam-9834s-projects/onelinker-final
Uploading [--------------------] (0.0B/1.8MB)
Uploading [=====---------------] (470.0KB/1.8MB)
Uploading [==========----------] (934.0KB/1.8MB)
Uploading [===============-----] (1.4MB/1.8MB)
Uploading [====================] (1.8MB/1.8MB)
Inspect: https://vercel.com/wwwbilalnazam-9834s-projects/onelinker-final/7smWDV4tmGpuG6dJeJwo3in6YTkc [8s]
Production: https://onelinker-final-lwbfzxcjv-wwwbilalnazam-9834s-projects.vercel.app [8s]
https://onelinker-final-lwbfzxcjv-wwwbilalnazam-9834s-projects.vercel.appBuilding...
Building...
Building: Running build in Washington, D.C., USA (East) – iad1
Building: Build machine configuration: 2 cores, 8 GB
Building: Retrieving list of deployment files...
Building: Downloading 381 deployment files...
Building: Restored build cache from previous deployment (CC5bVnD2B6RuYzadxfUXGAqYttn5)
Building: Running "vercel build"
Building: Vercel CLI 51.6.1
Building: Warning: Detected "engines": { "node": ">=20.0.0" } in your `package.json` that will automatically upgrade when a new major Node.js Version is released. Learn More: https://vercel.link/node-version
Building: Running "install" command: `npm install --legacy-peer-deps`...
Building: up to date, audited 635 packages in 11s
Building: 182 packages are looking for funding
Building: run `npm fund` for details
Building: 9 vulnerabilities (2 moderate, 7 high)
Building: To address issues that do not require attention, run:
Building: npm audit fix
Building: To address all issues (including breaking changes), run:
Building: npm audit fix --force
Building: Run `npm audit` for details.
Building: Detected Next.js version: 14.2.35
Building: Running "next build"
Building: ▲ Next.js 14.2.35
Building: Creating an optimized production build ...
Building: ✓ Compiled successfully
Building: Skipping validation of types
Building: Skipping linting
Building: Collecting page data ...
Building: ⚠ Using edge runtime on a page currently disables static generation for that page
Building: Generating static pages (0/86) ...
Building: [api/billing/info] Error: n [Error]: Dynamic server usage: Route /api/billing/info couldn't be rendered statically because it used `cookies`. See more info here: https://nextjs.org/docs/messages/dynamic-server-error
Building: at l (/vercel/path0/.next/server/chunks/9276.js:1:37220)
Building: at d (/vercel/path0/.next/server/chunks/3002.js:45:4920)
Building: at r (/vercel/path0/.next/server/chunks/2504.js:1:8242)
Building: at p (/vercel/path0/.next/server/app/api/billing/info/route.js:1:1106)
Building: at /vercel/path0/node_modules/next/dist/compiled/next-server/app-route.runtime.prod.js:6:38417
Building: at /vercel/path0/node_modules/next/dist/server/lib/trace/tracer.js:140:36
Building: at NoopContextManager.with (/vercel/path0/node_modules/next/dist/compiled/@opentelemetry/api/index.js:1:7062)
Building: at ContextAPI.with (/vercel/path0/node_modules/next/dist/compiled/@opentelemetry/api/index.js:1:518)
Building: at NoopTracer.startActiveSpan (/vercel/path0/node_modules/next/dist/compiled/@opentelemetry/api/index.js:1:18093)
Building: at ProxyTracer.startActiveSpan (/vercel/path0/node_modules/next/dist/compiled/@opentelemetry/api/index.js:1:18854) {
Building: description: "Route /api/billing/info couldn't be rendered statically because it used `cookies`. See more info here: https://nextjs.org/docs/messages/dynamic-server-error",
Building: digest: 'DYNAMIC_SERVER_USAGE'
Building: }
Building: Generating static pages (21/86)
Building: [api/inbox/messages] Unexpected error: n [Error]: Dynamic server usage: Route /api/inbox/messages couldn't be rendered statically because it used `cookies`. See more info here: https://nextjs.org/docs/messages/dynamic-server-error
Building: at l (/vercel/path0/.next/server/chunks/9276.js:1:37220)
Building: at d (/vercel/path0/.next/server/chunks/3002.js:45:4920)
Building: at r (/vercel/path0/.next/server/chunks/2504.js:1:8242)
Building: at c (/vercel/path0/.next/server/app/api/inbox/messages/route.js:1:838)
Building: at /vercel/path0/node_modules/next/dist/compiled/next-server/app-route.runtime.prod.js:6:38417
Building: at /vercel/path0/node_modules/next/dist/server/lib/trace/tracer.js:140:36
Building: at NoopContextManager.with (/vercel/path0/node_modules/next/dist/compiled/@opentelemetry/api/index.js:1:7062)
Building: at ContextAPI.with (/vercel/path0/node_modules/next/dist/compiled/@opentelemetry/api/index.js:1:518)
Building: at NoopTracer.startActiveSpan (/vercel/path0/node_modules/next/dist/compiled/@opentelemetry/api/index.js:1:18093)
Building: at ProxyTracer.startActiveSpan (/vercel/path0/node_modules/next/dist/compiled/@opentelemetry/api/index.js:1:18854) {
Building: description: "Route /api/inbox/messages couldn't be rendered statically because it used `cookies`. See more info here: https://nextjs.org/docs/messages/dynamic-server-error",
Building: digest: 'DYNAMIC_SERVER_USAGE'
Building: }
Building: [api/meta/validate-story] Error: B [Error]: Dynamic server usage: Route /api/meta/validate-story couldn't be rendered statically because it used `request.url`. See more info here: https://nextjs.org/docs/messages/dynamic-server-error
Building: at V (/vercel/path0/node_modules/next/dist/compiled/next-server/app-route.runtime.prod.js:6:21778)
Building: at Object.get (/vercel/path0/node_modules/next/dist/compiled/next-server/app-route.runtime.prod.js:6:29465)
Building: at l (/vercel/path0/.next/server/app/api/meta/validate-story/route.js:1:913)
Building: at /vercel/path0/node_modules/next/dist/compiled/next-server/app-route.runtime.prod.js:6:38417
Building: at /vercel/path0/node_modules/next/dist/server/lib/trace/tracer.js:140:36
Building: at NoopContextManager.with (/vercel/path0/node_modules/next/dist/compiled/@opentelemetry/api/index.js:1:7062)
Building: at ContextAPI.with (/vercel/path0/node_modules/next/dist/compiled/@opentelemetry/api/index.js:1:518)
Building: at NoopTracer.startActiveSpan (/vercel/path0/node_modules/next/dist/compiled/@opentelemetry/api/index.js:1:18093)
Building: at ProxyTracer.startActiveSpan (/vercel/path0/node_modules/next/dist/compiled/@opentelemetry/api/index.js:1:18854)
Building: at /vercel/path0/node_modules/next/dist/server/lib/trace/tracer.js:122:103 {
Building: description: "Route /api/meta/validate-story couldn't be rendered statically because it used `request.url`. See more info here: https://nextjs.org/docs/messages/dynamic-server-error",
Building: digest: 'DYNAMIC_SERVER_USAGE'
Building: }
Building: [validate-key] Error: n [Error]: Dynamic server usage: Route /api/outstand/validate-key couldn't be rendered statically because it used `cookies`. See more info here: https://nextjs.org/docs/messages/dynamic-server-error
Building: at l (/vercel/path0/.next/server/chunks/9276.js:1:37220)
Building: at d (/vercel/path0/.next/server/chunks/3002.js:45:4920)
Building: at r (/vercel/path0/.next/server/chunks/2504.js:1:8242)
Building: at l (/vercel/path0/.next/server/app/api/outstand/validate-key/route.js:1:848)
Building: at /vercel/path0/node_modules/next/dist/compiled/next-server/app-route.runtime.prod.js:6:38417
Building: at /vercel/path0/node_modules/next/dist/server/lib/trace/tracer.js:140:36
Building: at NoopContextManager.with (/vercel/path0/node_modules/next/dist/compiled/@opentelemetry/api/index.js:1:7062)
Building: at ContextAPI.with (/vercel/path0/node_modules/next/dist/compiled/@opentelemetry/api/index.js:1:518)
Building: at NoopTracer.startActiveSpan (/vercel/path0/node_modules/next/dist/compiled/@opentelemetry/api/index.js:1:18093)
Building: at ProxyTracer.startActiveSpan (/vercel/path0/node_modules/next/dist/compiled/@opentelemetry/api/index.js:1:18854) {
Building: description: "Route /api/outstand/validate-key couldn't be rendered statically because it used `cookies`. See more info here: https://nextjs.org/docs/messages/dynamic-server-error",
Building: digest: 'DYNAMIC_SERVER_USAGE'
Building: }
Building: [test/tiktok] Checking environment variables...
Building: [test/tiktok] Checking Supabase tables...
Building: [test/tiktok] Testing OAuth URL generation...
Building: [tiktok/oauth] Building auth URL for workspace: test-workspace-123
Building: [tiktok/oauth] Client key length: 18, first 4 chars: sbaw...
Building: [tiktok/oauth] Redirect URI: http://localhost:3000/auth/tiktok/callback
Building: [test/tiktok] Checking posts module...
Building: [test/tiktok] Diagnostics complete: {
Building: "timestamp": "2026-04-27T09:23:15.092Z",
Building: "checks": {
Building: "env": {
Building: "status": "ok",
Building: "clientKeyPresent": true,
Building: "clientSecretPresent": true
Building: },
Building: "database": {
Building: "status": "ok",
Building: "tables": {
Building: "social_accounts": "ok",
Building: "tiktok_tokens": "ok"
Building: }
Building: },
Building: "oauth": {
Building: "status": "ok",
Building: "urlGenerated": true,
Building: "hasScopes": true,
Building: "hasClientKey": true,
Building: "pkceEnabled": true
Building: },
Building: "posts": {
Building: "status": "ok",
Building: "functions": {
Building: "initializeVideoUpload": true,
Building: "uploadVideoFile": true,
Building: "publishVideo": false,
Building: "publishTikTokVideo": true
Building: }
Building: }
Building: },
Building: "summary": {
Building: "status": "ready",
Building: "message": "✅ TikTok integration is ready for testing"
Building: }
Building: }
Building: Generating static pages (42/86)
Building: Generating static pages (64/86)
Building: ✓ Generating static pages (86/86)
Building: Finalizing page optimization ...
Building: Collecting build traces ...
Building: Route (app)                                   Size     First Load JS
Building: ┌ ○ /                                         12.4 kB         125 kB
Building: ├ ○ /_not-found                               880 B          88.5 kB
Building: ├ ○ /about                                    3.24 kB         109 kB
Building: ├ ƒ /accounts                                 10.5 kB         167 kB
Building: ├ ƒ /analytics                                109 kB          260 kB
Building: ├ ƒ /api/accounts                             0 B                0 B
Building: ├ ƒ /api/accounts/[id]                        0 B                0 B
Building: ├ ƒ /api/accounts/connect                     0 B                0 B
Building: ├ ƒ /api/accounts/sync                        0 B                0 B
Building: ├ ƒ /api/accounts/sync-followers              0 B                0 B
Building: ├ ƒ /api/ai/captions                          0 B                0 B
Building: ├ ƒ /api/ai/hashtags                          0 B                0 B
Building: ├ ƒ /api/ai/rewrite                           0 B                0 B
Building: ├ ƒ /api/ai/youtube-title                     0 B                0 B
Building: ├ ƒ /api/analytics/sync                       0 B                0 B
Building: ├ ƒ /api/auth/reset-password-email            0 B                0 B
Building: ├ ƒ /api/auth/welcome-email                   0 B                0 B
Building: ├ ƒ /api/billing/cancel                       0 B                0 B
Building: ├ ƒ /api/billing/change-plan                  0 B                0 B
Building: ├ ƒ /api/billing/checkout                     0 B                0 B
Building: ├ ƒ /api/billing/info                         0 B                0 B
Building: ├ ƒ /api/billing/portal                       0 B                0 B
Building: ├ ƒ /api/billing/setup-payment                0 B                0 B
Building: ├ ƒ /api/billing/webhook                      0 B                0 B
Building: ├ ƒ /api/comments/sync                        0 B                0 B
Building: ├ ƒ /api/contact                              0 B                0 B
Building: ├ ƒ /api/inbox/messages                       0 B                0 B
Building: ├ ƒ /api/inbox/messages/[id]                  0 B                0 B
Building: ├ ƒ /api/inbox/reply                          0 B                0 B
Building: ├ ƒ /api/inbox/sync                           0 B                0 B
Building: ├ ƒ /api/invitations/accept                   0 B                0 B
Building: ├ ƒ /api/invitations/send                     0 B                0 B
Building: ├ ƒ /api/media/upload                         0 B                0 B
Building: ├ ƒ /api/meta/validate-story                  0 B                0 B
Building: ├ ƒ /api/onboarding/complete                  0 B                0 B
Building: ├ ƒ /api/onboarding/complete/simple           0 B                0 B
Building: ├ ƒ /api/onboarding/finish                    0 B                0 B
Building: ├ ƒ /api/outstand/validate-key                0 B                0 B
Building: ├ ƒ /api/posts                                0 B                0 B
Building: ├ ƒ /api/profile/update-name                  0 B                0 B
Building: ├ ƒ /api/profile/upload-avatar                0 B                0 B
Building: ├ ○ /api/test/tiktok                          0 B                0 B
Building: ├ ƒ /api/thumbnails/generate                  0 B                0 B
Building: ├ ƒ /api/usage                                0 B                0 B
Building: ├ ƒ /api/workspaces                           0 B                0 B
Building: ├ ƒ /api/workspaces/email-deactivated         0 B                0 B
Building: ├ ƒ /api/workspaces/email-member-added        0 B                0 B
Building: ├ ƒ /api/workspaces/email-ownership-transfer  0 B                0 B
Building: ├ ƒ /api/workspaces/email-workspace-created   0 B                0 B
Building: ├ ƒ /api/workspaces/members                   0 B                0 B
Building: ├ ƒ /api/workspaces/members/manage            0 B                0 B
Building: ├ ƒ /api/workspaces/transfer-ownership        0 B                0 B
Building: ├ ƒ /auth/bluesky/callback                    0 B                0 B
Building: ├ ƒ /auth/callback                            0 B                0 B
Building: ├ ƒ /auth/google-business/callback            0 B                0 B
Building: ├ ƒ /auth/linkedin/callback                   0 B                0 B
Building: ├ ƒ /auth/meta/callback                       0 B                0 B
Building: ├ ƒ /auth/pinterest/callback                  0 B                0 B
Building: ├ ƒ /auth/social/callback                     0 B                0 B
Building: ├ ƒ /auth/threads/callback                    0 B                0 B
Building: ├ ƒ /auth/tiktok/callback                     0 B                0 B
Building: ├ ƒ /auth/twitter/callback                    0 B                0 B
Building: ├ ƒ /auth/youtube/callback                    0 B                0 B
Building: ├ ƒ /billing                                  11.1 kB         122 kB
Building: ├ ○ /blog                                     4.51 kB         102 kB
Building: ├ ƒ /calendar                                 7.55 kB         168 kB
Building: ├ ○ /changelog                                179 B          96.5 kB
Building: ├ ○ /contact                                  5.17 kB         100 kB
Building: ├ ƒ /create                                   36.2 kB         207 kB
Building: ├ ○ /forgot-password                          2.92 kB         193 kB
Building: ├ ƒ /home                                     8.16 kB         174 kB
Building: ├ ○ /how-it-works                             4.67 kB         112 kB
Building: ├ ƒ /inbox                                    27.7 kB         195 kB
Building: ├ ○ /invite/accept                            5.24 kB         155 kB
Building: ├ ○ /login                                    3.63 kB         193 kB
Building: ├ ƒ /media                                    8.67 kB         165 kB
Building: ├ ƒ /onboarding                               13.6 kB         196 kB
Building: ├ ƒ /opengraph-image                          0 B                0 B
Building: ├ ƒ /posts                                    6.7 kB          175 kB
Building: ├ ƒ /posts/[id]                               8.23 kB         182 kB
Building: ├ ○ /pricing                                  7.21 kB         111 kB
Building: ├ ○ /privacy                                  174 B          87.8 kB
Building: ├ ○ /reset-password                           6.54 kB         193 kB
Building: ├ ƒ /settings                                 13.1 kB         170 kB
Building: ├ ○ /signup                                   4.7 kB          195 kB
Building: ├ ○ /signup/verify                            6.12 kB         169 kB
Building: ├ ○ /terms                                    174 B          87.8 kB
Building: └ ○ /workspace/new                            7.19 kB         112 kB
Building: + First Load JS shared by all                 87.6 kB
Building: ├ chunks/2117-58225aef1a52635a.js           31.9 kB
Building: ├ chunks/fd9d1056-4c7c47cd4dd0ca36.js       53.6 kB
Building: └ other shared chunks (total)               2.08 kB
Building: ƒ Middleware                                  75.1 kB
Building: ○  (Static)   prerendered as static content
Building: ƒ  (Dynamic)  server-rendered on demand
Building: Traced Next.js server files in: 31.127ms
Building: Created all serverless functions in: 573.38ms
Building: Collected static files (public/, static/, .next/static): 8.844ms
Building: Build Completed in /vercel/output [39s]
Building: Deploying outputs...
[2K[1A[2K[GProduction: https://onelinker-final-lwbfzxcjv-wwwbilalnazam-9834s-projects.vercel.app [1m]
Completing...
Aliased: https://www.onelinker.ai [1m]

Common next commands:
- `vercel inspect onelinker-final-lwbfzxcjv-wwwbilalnazam-9834s-projects.vercel.app --logs`
- `vercel redeploy onelinker-final-lwbfzxcjv-wwwbilalnazam-9834s-projects.vercel.app`
